<?xml version="1.0" encoding="UTF-8"?>
<!-- Generated by org.testng.reporters.JUnitReportReporter -->
<testsuite name="com.selenium.testng.TC002" tests="1" time="70.465" ignored="0" failures="0" timestamp="09 May 2021 01:52:19 GMT" skipped="0" hostname="Lenovo-PC" errors="0">
  <testcase name="tc002" time="70.465" classname="com.selenium.testng.TC002"/>
</testsuite> <!-- com.selenium.testng.TC002 -->
