<?xml version="1.0" encoding="UTF-8"?>
<!-- Generated by org.testng.reporters.JUnitReportReporter -->
<testsuite name="com.selenium.testngbasics.copy.Login" tests="1" time="0.003" ignored="1" failures="0" timestamp="06 May 2021 02:14:53 GMT" skipped="0" hostname="Lenovo-PC" errors="0">
  <testcase name="tc008" time="0.003" classname="com.selenium.testngbasics.copy.Login"/>
  <testcase name="tc001" classname="com.selenium.testngbasics.Login">
    <skipped/>
  </testcase> <!-- tc001 -->
</testsuite> <!-- com.selenium.testngbasics.copy.Login -->
