<?xml version="1.0" encoding="UTF-8"?>
<!-- Generated by org.testng.reporters.JUnitReportReporter -->
<testsuite name="com.selenium.testng.ExcelREading" tests="1" time="2.347" ignored="0" failures="0" timestamp="10 May 2021 01:59:00 GMT" skipped="0" hostname="Lenovo-PC" errors="0">
  <testcase name="tc001" time="2.347" classname="com.selenium.testng.ExcelREading"/>
</testsuite> <!-- com.selenium.testng.ExcelREading -->
