<?xml version="1.0" encoding="UTF-8"?>
<!-- Generated by org.testng.reporters.JUnitReportReporter -->
<testsuite name="com.selenium.testngbasics.Login" tests="1" time="0.004" ignored="6" failures="0" timestamp="06 May 2021 02:16:22 GMT" skipped="0" hostname="Lenovo-PC" errors="0">
  <testcase name="tc002" time="0.004" classname="com.selenium.testngbasics.Login"/>
  <testcase name="tc0012" classname="com.selenium.testngbasics.HomePage">
    <skipped/>
  </testcase> <!-- tc0012 -->
  <testcase name="tc0013" classname="com.selenium.testngbasics.HomePage">
    <skipped/>
  </testcase> <!-- tc0013 -->
  <testcase name="tc0011" classname="com.selenium.testngbasics.HomePage">
    <skipped/>
  </testcase> <!-- tc0011 -->
  <testcase name="tc001" classname="com.selenium.testngbasics.Login">
    <skipped/>
  </testcase> <!-- tc001 -->
  <testcase name="tc003" classname="com.selenium.testngbasics.Login">
    <skipped/>
  </testcase> <!-- tc003 -->
  <testcase name="tc008" classname="com.selenium.testngbasics.copy.Login">
    <skipped/>
  </testcase> <!-- tc008 -->
</testsuite> <!-- com.selenium.testngbasics.Login -->
