<?xml version="1.0" encoding="UTF-8"?>
<!-- Generated by org.testng.reporters.JUnitReportReporter -->
<testsuite name="com.selenium.testng.ReadProperties" tests="1" time="0.023" ignored="0" failures="0" timestamp="09 May 2021 02:24:21 GMT" skipped="0" hostname="Lenovo-PC" errors="0">
  <testcase name="tc001" time="0.023" classname="com.selenium.testng.ReadProperties"/>
</testsuite> <!-- com.selenium.testng.ReadProperties -->
